<?xml version="1.0" encoding="UTF-8"?>
<testng-results ignored="0" total="1" passed="1" failed="0" skipped="0">
  <reporter-output>
  </reporter-output>
  <suite started-at="2023-11-05T12:38:59 IST" name="Default suite" finished-at="2023-11-05T12:39:12 IST" duration-ms="13299">
    <groups>
    </groups>
    <test started-at="2023-11-05T12:38:59 IST" name="Default test" finished-at="2023-11-05T12:39:12 IST" duration-ms="13299">
      <class name="testes.Tc1">
        <test-method is-config="true" signature="launchBrowser()[pri:0, instance:testes.Tc1@3cebbb30]" started-at="2023-11-05T12:38:59 IST" name="launchBrowser" finished-at="2023-11-05T12:39:09 IST" duration-ms="10272" status="PASS">
          <reporter-output>
          </reporter-output>
        </test-method> <!-- launchBrowser -->
        <test-method signature="verifyLogin()[pri:0, instance:testes.Tc1@3cebbb30]" started-at="2023-11-05T12:39:09 IST" name="verifyLogin" finished-at="2023-11-05T12:39:12 IST" duration-ms="2487" status="PASS">
          <reporter-output>
          </reporter-output>
        </test-method> <!-- verifyLogin -->
        <test-method is-config="true" signature="closeBrowser()[pri:0, instance:testes.Tc1@3cebbb30]" started-at="2023-11-05T12:39:12 IST" name="closeBrowser" finished-at="2023-11-05T12:39:12 IST" duration-ms="404" status="PASS">
          <reporter-output>
          </reporter-output>
        </test-method> <!-- closeBrowser -->
      </class> <!-- testes.Tc1 -->
    </test> <!-- Default test -->
  </suite> <!-- Default suite -->
</testng-results>
